==== GS1 ERROR ====
2026-05-27 16:53:12.285
System.NullReferenceException: Object reference not set to an instance of an object.
   at System.Windows.Forms.DataVisualization.Charting.Chart.get_Series()
   at GS1.Dashboard.LoadChart() in C:\Users\ASUS\source\repos\GS1\GS1\Dashboard.cs:line 85
   at GS1.Dashboard.AutoReloadTick(Object sender, EventArgs e) in C:\Users\ASUS\source\repos\GS1\GS1\Dashboard.cs:line 58
   at System.Windows.Forms.Timer.OnTick(EventArgs e)
   at System.Windows.Forms.Timer.TimerNativeWindow.WndProc(Message& m)
   at System.Windows.Forms.NativeWindow.Callback(IntPtr hWnd, Int32 msg, IntPtr wparam, IntPtr lparam)

==== GS1 ERROR ====
2026-05-27 16:53:17.257
System.NullReferenceException: Object reference not set to an instance of an object.
   at System.Windows.Forms.DataVisualization.Charting.Chart.get_Series()
   at GS1.Dashboard.LoadChart() in C:\Users\ASUS\source\repos\GS1\GS1\Dashboard.cs:line 85
   at GS1.Dashboard.AutoReloadTick(Object sender, EventArgs e) in C:\Users\ASUS\source\repos\GS1\GS1\Dashboard.cs:line 58
   at System.Windows.Forms.Timer.OnTick(EventArgs e)
   at System.Windows.Forms.Timer.TimerNativeWindow.WndProc(Message& m)
   at System.Windows.Forms.NativeWindow.Callback(IntPtr hWnd, Int32 msg, IntPtr wparam, IntPtr lparam)

==== GS1 ERROR ====
2026-05-27 16:53:22.271
System.NullReferenceException: Object reference not set to an instance of an object.
   at System.Windows.Forms.DataVisualization.Charting.Chart.get_Series()
   at GS1.Dashboard.LoadChart() in C:\Users\ASUS\source\repos\GS1\GS1\Dashboard.cs:line 85
   at GS1.Dashboard.AutoReloadTick(Object sender, EventArgs e) in C:\Users\ASUS\source\repos\GS1\GS1\Dashboard.cs:line 58
   at System.Windows.Forms.Timer.OnTick(EventArgs e)
   at System.Windows.Forms.Timer.TimerNativeWindow.WndProc(Message& m)
   at System.Windows.Forms.NativeWindow.Callback(IntPtr hWnd, Int32 msg, IntPtr wparam, IntPtr lparam)

==== GS1 ERROR ====
2026-06-07 13:42:03.954
System.NotSupportedException: The Read method cannot be called when another read operation is pending.
   at System.Net.Security._SslStream.ProcessRead(Byte[] buffer, Int32 offset, Int32 count, AsyncProtocolRequest asyncRequest)
   at System.Net.Security.SslStream.Read(Byte[] buffer, Int32 offset, Int32 count)
   at MySql.Data.MySqlClient.TimedStream.<ReadAsync>d__30.MoveNext()
--- End of stack trace from previous location where exception was thrown ---
   at System.Runtime.CompilerServices.TaskAwaiter.ThrowForNonSuccess(Task task)
   at System.Runtime.CompilerServices.TaskAwaiter.HandleNonSuccessAndDebuggerNotification(Task task)
   at MySql.Data.MySqlClient.TimedStream.Read(Byte[] buffer, Int32 offset, Int32 count)
   at MySql.Data.MySqlClient.MySqlStream.<ReadFullyAsync>d__31.MoveNext()
--- End of stack trace from previous location where exception was thrown ---
   at System.Runtime.CompilerServices.TaskAwaiter.ThrowForNonSuccess(Task task)
   at System.Runtime.CompilerServices.TaskAwaiter.HandleNonSuccessAndDebuggerNotification(Task task)
   at MySql.Data.MySqlClient.MySqlStream.<LoadPacketAsync>d__32.MoveNext()
--- End of stack trace from previous location where exception was thrown ---
   at System.Runtime.CompilerServices.TaskAwaiter.ThrowForNonSuccess(Task task)
   at System.Runtime.CompilerServices.TaskAwaiter.HandleNonSuccessAndDebuggerNotification(Task task)
   at MySql.Data.MySqlClient.MySqlStream.<ReadPacketAsync>d__30.MoveNext()
--- End of stack trace from previous location where exception was thrown ---
   at System.Runtime.CompilerServices.TaskAwaiter.ThrowForNonSuccess(Task task)
   at System.Runtime.CompilerServices.TaskAwaiter.HandleNonSuccessAndDebuggerNotification(Task task)
   at MySql.Data.MySqlClient.NativeDriver.<GetResultAsync>d__45.MoveNext()
--- End of stack trace from previous location where exception was thrown ---
   at System.Runtime.CompilerServices.TaskAwaiter.ThrowForNonSuccess(Task task)
   at System.Runtime.CompilerServices.TaskAwaiter.HandleNonSuccessAndDebuggerNotification(Task task)
   at MySql.Data.MySqlClient.Driver.<GetResultAsync>d__85.MoveNext()
--- End of stack trace from previous location where exception was thrown ---
   at System.Runtime.CompilerServices.TaskAwaiter.ThrowForNonSuccess(Task task)
   at System.Runtime.CompilerServices.TaskAwaiter.HandleNonSuccessAndDebuggerNotification(Task task)
   at MySql.Data.MySqlClient.Driver.<NextResultAsync>d__84.MoveNext()
--- End of stack trace from previous location where exception was thrown ---
   at System.Runtime.CompilerServices.TaskAwaiter.ThrowForNonSuccess(Task task)
   at System.Runtime.CompilerServices.TaskAwaiter.HandleNonSuccessAndDebuggerNotification(Task task)
   at MySql.Data.MySqlClient.MySqlDataReader.<NextResultAsync>d__97.MoveNext()
--- End of stack trace from previous location where exception was thrown ---
   at System.Runtime.CompilerServices.TaskAwaiter.ThrowForNonSuccess(Task task)
   at System.Runtime.CompilerServices.TaskAwaiter.HandleNonSuccessAndDebuggerNotification(Task task)
   at MySql.Data.MySqlClient.MySqlDataReader.<CloseAsync>d__36.MoveNext()
--- End of stack trace from previous location where exception was thrown ---
   at System.Runtime.CompilerServices.TaskAwaiter.ThrowForNonSuccess(Task task)
   at System.Runtime.CompilerServices.TaskAwaiter.HandleNonSuccessAndDebuggerNotification(Task task)
   at MySql.Data.MySqlClient.MySqlDataReader.Close()
   at MySql.Data.MySqlClient.MySqlConnection.<CloseAsync>d__100.MoveNext()
--- End of stack trace from previous location where exception was thrown ---
   at System.Runtime.CompilerServices.TaskAwaiter.ThrowForNonSuccess(Task task)
   at System.Runtime.CompilerServices.TaskAwaiter.HandleNonSuccessAndDebuggerNotification(Task task)
   at MySql.Data.MySqlClient.MySqlConnection.Close()
   at MySql.Data.MySqlClient.MySqlConnection.Dispose(Boolean disposing)
   at MySql.Data.MySqlClient.MySqlConnection.Finalize()

